2017-02-19T06:01:17-0600 mf2EQJp0f1 [info] request to updater
2017-02-19T06:01:17-0600 mf2EQJp0f1 [info] currentStep()
2017-02-19T06:01:17-0600 mf2EQJp0f1 [info] show HTML page
2017-02-19T06:01:17-0600 mf2EQJp0f1 [info] current version: 11.0.0 build time: 2016-12-13T13:24:49+00:00 ed7b18799f7d57ab9346e224b4dcea0961c9537f
2017-02-19T06:01:17-0600 mf2EQJp0f1 [info] getUpdateServerResponse()
2017-02-19T06:01:17-0600 mf2EQJp0f1 [info] updaterServer: https://updates.nextcloud.org/updater_server/
2017-02-19T06:01:17-0600 mf2EQJp0f1 [info] releaseChannel: stable
2017-02-19T06:01:17-0600 mf2EQJp0f1 [info] internal version: 11.0.0.10
2017-02-19T06:01:19-0600 mf2EQJp0f1 [info] getUpdateServerResponse response: Array
(
    [version] => 11.0.1.2
    [versionstring] => Nextcloud 11.0.1
    [url] => https://download.nextcloud.com/server/releases/nextcloud-11.0.1.zip
    [web] => https://docs.nextcloud.com/server/11/admin_manual/maintenance/upgrade.html
    [autoupdater] => 1
)

2017-02-19T06:01:19-0600 mf2EQJp0f1 [info] checkForUpdate() Array
(
    [version] => 11.0.1.2
    [versionstring] => Nextcloud 11.0.1
    [url] => https://download.nextcloud.com/server/releases/nextcloud-11.0.1.zip
    [web] => https://docs.nextcloud.com/server/11/admin_manual/maintenance/upgrade.html
    [autoupdater] => 1
)

2017-02-19T06:01:19-0600 mf2EQJp0f1 [info] end of checkForUpdate() Update to Nextcloud 11.0.1 available. (channel: "stable")<br /><span class="light">Following file will be downloaded automatically:</span> <code class="light">https://download.nextcloud.com/server/releases/nextcloud-11.0.1.zip</code>
2017-02-19T06:01:38-0600 emUhvZP7nI [info] request to updater
2017-02-19T06:01:38-0600 emUhvZP7nI [info] currentStep()
2017-02-19T06:01:38-0600 emUhvZP7nI [info] POST request for step "1"
2017-02-19T06:01:38-0600 emUhvZP7nI [info] startStep("1")
2017-02-19T06:01:38-0600 emUhvZP7nI [info] checkForExpectedFilesAndFolders()
2017-02-19T06:01:38-0600 emUhvZP7nI [error] POST request failed with UpdateException
2017-02-19T06:01:38-0600 emUhvZP7nI [error] Exception: UpdateException
Message: 
Code:0
Trace:
#0 /home4/nandvar/public_html/cloud/updater/index.php(1114): Updater->checkForExpectedFilesAndFolders()
#1 {main}
File:/home4/nandvar/public_html/cloud/updater/index.php
Line:354
Data:
Array
(
    [0] => cgi-bin
    [1] => error_log
)


2017-02-19T06:01:38-0600 emUhvZP7nI [info] rollbackChanges("1")
2017-02-19T06:01:38-0600 emUhvZP7nI [info] unlink .step
2017-02-19T06:01:38-0600 emUhvZP7nI [info] end of  rollbackChanges()
2017-02-19T06:01:49-0600 ywSByNx5hC [info] request to updater
2017-02-19T06:01:49-0600 ywSByNx5hC [info] currentStep()
2017-02-19T06:01:49-0600 ywSByNx5hC [info] POST request for step "1"
2017-02-19T06:01:50-0600 ywSByNx5hC [info] startStep("1")
2017-02-19T06:01:50-0600 ywSByNx5hC [info] checkForExpectedFilesAndFolders()
2017-02-19T06:01:50-0600 ywSByNx5hC [error] POST request failed with UpdateException
2017-02-19T06:01:50-0600 ywSByNx5hC [error] Exception: UpdateException
Message: 
Code:0
Trace:
#0 /home4/nandvar/public_html/cloud/updater/index.php(1114): Updater->checkForExpectedFilesAndFolders()
#1 {main}
File:/home4/nandvar/public_html/cloud/updater/index.php
Line:354
Data:
Array
(
    [0] => cgi-bin
    [1] => error_log
)


2017-02-19T06:01:50-0600 ywSByNx5hC [info] rollbackChanges("1")
2017-02-19T06:01:50-0600 ywSByNx5hC [info] unlink .step
2017-02-19T06:01:50-0600 ywSByNx5hC [info] end of  rollbackChanges()
2017-02-19T06:02:09-0600 rLQGiCDCVT [info] request to updater
2017-02-19T06:02:09-0600 rLQGiCDCVT [info] currentStep()
2017-02-19T06:02:09-0600 rLQGiCDCVT [info] POST request for step "1"
2017-02-19T06:02:10-0600 rLQGiCDCVT [info] startStep("1")
2017-02-19T06:02:10-0600 rLQGiCDCVT [info] checkForExpectedFilesAndFolders()
2017-02-19T06:02:10-0600 rLQGiCDCVT [error] POST request failed with UpdateException
2017-02-19T06:02:10-0600 rLQGiCDCVT [error] Exception: UpdateException
Message: 
Code:0
Trace:
#0 /home4/nandvar/public_html/cloud/updater/index.php(1114): Updater->checkForExpectedFilesAndFolders()
#1 {main}
File:/home4/nandvar/public_html/cloud/updater/index.php
Line:354
Data:
Array
(
    [0] => cgi-bin
    [1] => error_log
)


2017-02-19T06:02:10-0600 rLQGiCDCVT [info] rollbackChanges("1")
2017-02-19T06:02:10-0600 rLQGiCDCVT [info] unlink .step
2017-02-19T06:02:10-0600 rLQGiCDCVT [info] end of  rollbackChanges()
2017-02-19T06:02:11-0600 jyQ8tK8ssZ [info] request to updater
2017-02-19T06:02:11-0600 jyQ8tK8ssZ [info] currentStep()
2017-02-19T06:02:11-0600 jyQ8tK8ssZ [info] POST request for step "1"
2017-02-19T06:02:11-0600 jyQ8tK8ssZ [info] startStep("1")
2017-02-19T06:02:11-0600 jyQ8tK8ssZ [info] checkForExpectedFilesAndFolders()
2017-02-19T06:02:11-0600 jyQ8tK8ssZ [error] POST request failed with UpdateException
2017-02-19T06:02:11-0600 jyQ8tK8ssZ [error] Exception: UpdateException
Message: 
Code:0
Trace:
#0 /home4/nandvar/public_html/cloud/updater/index.php(1114): Updater->checkForExpectedFilesAndFolders()
#1 {main}
File:/home4/nandvar/public_html/cloud/updater/index.php
Line:354
Data:
Array
(
    [0] => cgi-bin
    [1] => error_log
)


2017-02-19T06:02:11-0600 jyQ8tK8ssZ [info] rollbackChanges("1")
2017-02-19T06:02:11-0600 jyQ8tK8ssZ [info] unlink .step
2017-02-19T06:02:11-0600 jyQ8tK8ssZ [info] end of  rollbackChanges()
2017-02-19T06:04:41-0600 ft0KjzcyVa [info] request to updater
2017-02-19T06:04:41-0600 ft0KjzcyVa [info] currentStep()
2017-02-19T06:04:41-0600 ft0KjzcyVa [info] POST request for step "1"
2017-02-19T06:04:42-0600 ft0KjzcyVa [info] startStep("1")
2017-02-19T06:04:42-0600 ft0KjzcyVa [info] checkForExpectedFilesAndFolders()
2017-02-19T06:04:42-0600 ft0KjzcyVa [error] POST request failed with UpdateException
2017-02-19T06:04:42-0600 ft0KjzcyVa [error] Exception: UpdateException
Message: 
Code:0
Trace:
#0 /home4/nandvar/public_html/cloud/updater/index.php(1114): Updater->checkForExpectedFilesAndFolders()
#1 {main}
File:/home4/nandvar/public_html/cloud/updater/index.php
Line:354
Data:
Array
(
    [0] => cgi-bin
    [1] => error_log
    [2] => .htaccess-1487505872
)


2017-02-19T06:04:42-0600 ft0KjzcyVa [info] rollbackChanges("1")
2017-02-19T06:04:42-0600 ft0KjzcyVa [info] unlink .step
2017-02-19T06:04:42-0600 ft0KjzcyVa [info] end of  rollbackChanges()
2017-02-19T06:04:52-0600 la0l0lSKdZ [info] request to updater
2017-02-19T06:04:52-0600 la0l0lSKdZ [info] currentStep()
2017-02-19T06:04:52-0600 la0l0lSKdZ [info] show HTML page
2017-02-19T06:04:52-0600 la0l0lSKdZ [info] current version: 11.0.0 build time: 2016-12-13T13:24:49+00:00 ed7b18799f7d57ab9346e224b4dcea0961c9537f
2017-02-19T06:04:52-0600 la0l0lSKdZ [info] getUpdateServerResponse()
2017-02-19T06:04:52-0600 la0l0lSKdZ [info] updaterServer: https://updates.nextcloud.org/updater_server/
2017-02-19T06:04:52-0600 la0l0lSKdZ [info] releaseChannel: stable
2017-02-19T06:04:52-0600 la0l0lSKdZ [info] internal version: 11.0.0.10
2017-02-19T06:04:53-0600 la0l0lSKdZ [info] getUpdateServerResponse response: Array
(
    [version] => 11.0.1.2
    [versionstring] => Nextcloud 11.0.1
    [url] => https://download.nextcloud.com/server/releases/nextcloud-11.0.1.zip
    [web] => https://docs.nextcloud.com/server/11/admin_manual/maintenance/upgrade.html
    [autoupdater] => 1
)

2017-02-19T06:04:53-0600 la0l0lSKdZ [info] checkForUpdate() Array
(
    [version] => 11.0.1.2
    [versionstring] => Nextcloud 11.0.1
    [url] => https://download.nextcloud.com/server/releases/nextcloud-11.0.1.zip
    [web] => https://docs.nextcloud.com/server/11/admin_manual/maintenance/upgrade.html
    [autoupdater] => 1
)

2017-02-19T06:04:53-0600 la0l0lSKdZ [info] end of checkForUpdate() Update to Nextcloud 11.0.1 available. (channel: "stable")<br /><span class="light">Following file will be downloaded automatically:</span> <code class="light">https://download.nextcloud.com/server/releases/nextcloud-11.0.1.zip</code>
2017-02-19T06:04:55-0600 8nhUQ3tmAN [info] request to updater
2017-02-19T06:04:55-0600 8nhUQ3tmAN [info] currentStep()
2017-02-19T06:04:55-0600 8nhUQ3tmAN [info] POST request for step "1"
2017-02-19T06:04:55-0600 8nhUQ3tmAN [info] startStep("1")
2017-02-19T06:04:55-0600 8nhUQ3tmAN [info] checkForExpectedFilesAndFolders()
2017-02-19T06:04:55-0600 8nhUQ3tmAN [error] POST request failed with UpdateException
2017-02-19T06:04:55-0600 8nhUQ3tmAN [error] Exception: UpdateException
Message: 
Code:0
Trace:
#0 /home4/nandvar/public_html/cloud/updater/index.php(1114): Updater->checkForExpectedFilesAndFolders()
#1 {main}
File:/home4/nandvar/public_html/cloud/updater/index.php
Line:354
Data:
Array
(
    [0] => cgi-bin
    [1] => error_log
    [2] => .htaccess-1487505872
)


2017-02-19T06:04:55-0600 8nhUQ3tmAN [info] rollbackChanges("1")
2017-02-19T06:04:55-0600 8nhUQ3tmAN [info] unlink .step
2017-02-19T06:04:55-0600 8nhUQ3tmAN [info] end of  rollbackChanges()
2017-02-19T06:06:44-0600 sm6lHY1eIt [info] request to updater
2017-02-19T06:06:44-0600 sm6lHY1eIt [info] currentStep()
2017-02-19T06:06:44-0600 sm6lHY1eIt [info] POST request for step "1"
2017-02-19T06:06:44-0600 sm6lHY1eIt [info] startStep("1")
2017-02-19T06:06:44-0600 sm6lHY1eIt [info] checkForExpectedFilesAndFolders()
2017-02-19T06:06:44-0600 sm6lHY1eIt [error] POST request failed with UpdateException
2017-02-19T06:06:44-0600 sm6lHY1eIt [error] Exception: UpdateException
Message: 
Code:0
Trace:
#0 /home4/nandvar/public_html/cloud/updater/index.php(1114): Updater->checkForExpectedFilesAndFolders()
#1 {main}
File:/home4/nandvar/public_html/cloud/updater/index.php
Line:354
Data:
Array
(
    [0] => cgi-bin
)


2017-02-19T06:06:44-0600 sm6lHY1eIt [info] rollbackChanges("1")
2017-02-19T06:06:44-0600 sm6lHY1eIt [info] unlink .step
2017-02-19T06:06:44-0600 sm6lHY1eIt [info] end of  rollbackChanges()
2017-02-19T06:07:10-0600 NUsRoJdbVf [info] request to updater
2017-02-19T06:07:10-0600 NUsRoJdbVf [info] currentStep()
2017-02-19T06:07:10-0600 NUsRoJdbVf [info] POST request for step "1"
2017-02-19T06:07:10-0600 NUsRoJdbVf [info] startStep("1")
2017-02-19T06:07:10-0600 NUsRoJdbVf [info] checkForExpectedFilesAndFolders()
2017-02-19T06:07:10-0600 NUsRoJdbVf [info] end of checkForExpectedFilesAndFolders()
2017-02-19T06:07:10-0600 NUsRoJdbVf [info] endStep("1")
2017-02-19T06:07:10-0600 98eisxIdv1 [info] request to updater
2017-02-19T06:07:10-0600 98eisxIdv1 [info] currentStep()
2017-02-19T06:07:10-0600 98eisxIdv1 [info] Step 1 is in state "end".
2017-02-19T06:07:10-0600 98eisxIdv1 [info] POST request for step "2"
2017-02-19T06:07:10-0600 98eisxIdv1 [info] startStep("2")
2017-02-19T06:07:10-0600 98eisxIdv1 [info] checkWritePermissions()
2017-02-19T06:07:12-0600 98eisxIdv1 [info] end of checkWritePermissions()
2017-02-19T06:07:12-0600 98eisxIdv1 [info] endStep("2")
2017-02-19T06:07:13-0600 dq72vK3D6b [info] request to updater
2017-02-19T06:07:13-0600 dq72vK3D6b [info] currentStep()
2017-02-19T06:07:13-0600 dq72vK3D6b [info] Step 2 is in state "end".
2017-02-19T06:07:13-0600 dq72vK3D6b [info] POST request for step "3"
2017-02-19T06:07:13-0600 dq72vK3D6b [info] startStep("3")
2017-02-19T06:07:13-0600 dq72vK3D6b [info] setMaintenanceMode("true")
2017-02-19T06:07:13-0600 dq72vK3D6b [info] configFileName /home4/nandvar/public_html/cloud/updater/../config/config.php
2017-02-19T06:07:13-0600 dq72vK3D6b [info] end of setMaintenanceMode()
2017-02-19T06:07:13-0600 dq72vK3D6b [info] endStep("3")
2017-02-19T06:07:13-0600 k8AimU01oO [info] request to updater
2017-02-19T06:07:13-0600 k8AimU01oO [info] currentStep()
2017-02-19T06:07:13-0600 k8AimU01oO [info] Step 3 is in state "end".
2017-02-19T06:07:13-0600 k8AimU01oO [info] POST request for step "4"
2017-02-19T06:07:13-0600 k8AimU01oO [info] startStep("4")
2017-02-19T06:07:13-0600 k8AimU01oO [info] createBackup()
2017-02-19T06:08:13-0600 k8AimU01oO [info] end of createBackup()
2017-02-19T06:08:13-0600 k8AimU01oO [info] endStep("4")
2017-02-19T06:08:14-0600 G6lc7yrQEJ [info] request to updater
2017-02-19T06:08:14-0600 G6lc7yrQEJ [info] currentStep()
2017-02-19T06:08:14-0600 G6lc7yrQEJ [info] Step 4 is in state "end".
2017-02-19T06:08:14-0600 G6lc7yrQEJ [info] POST request for step "5"
2017-02-19T06:08:14-0600 G6lc7yrQEJ [info] startStep("5")
2017-02-19T06:08:14-0600 G6lc7yrQEJ [info] downloadUpdate()
2017-02-19T06:08:14-0600 G6lc7yrQEJ [info] getUpdateServerResponse()
2017-02-19T06:08:14-0600 G6lc7yrQEJ [info] updaterServer: https://updates.nextcloud.org/updater_server/
2017-02-19T06:08:14-0600 G6lc7yrQEJ [info] releaseChannel: stable
2017-02-19T06:08:14-0600 G6lc7yrQEJ [info] internal version: 11.0.0.10
2017-02-19T06:08:15-0600 G6lc7yrQEJ [info] getUpdateServerResponse response: Array
(
    [version] => 11.0.1.2
    [versionstring] => Nextcloud 11.0.1
    [url] => https://download.nextcloud.com/server/releases/nextcloud-11.0.1.zip
    [web] => https://docs.nextcloud.com/server/11/admin_manual/maintenance/upgrade.html
    [autoupdater] => 1
)

2017-02-19T06:08:21-0600 G6lc7yrQEJ [info] end of downloadUpdate()
2017-02-19T06:08:21-0600 G6lc7yrQEJ [info] endStep("5")
2017-02-19T06:08:21-0600 FO8CusNT0j [info] request to updater
2017-02-19T06:08:21-0600 FO8CusNT0j [info] currentStep()
2017-02-19T06:08:21-0600 FO8CusNT0j [info] Step 5 is in state "end".
2017-02-19T06:08:21-0600 FO8CusNT0j [info] POST request for step "6"
2017-02-19T06:08:21-0600 FO8CusNT0j [info] startStep("6")
2017-02-19T06:08:21-0600 FO8CusNT0j [info] extractDownload()
2017-02-19T06:08:21-0600 FO8CusNT0j [info] storage location: /home4/nandvar/public_html/cloud/data/updater-ocbuvdlb4ccs/downloads/
2017-02-19T06:08:30-0600 FO8CusNT0j [info] end of extractDownload()
2017-02-19T06:08:30-0600 FO8CusNT0j [info] endStep("6")
2017-02-19T06:08:30-0600 wBA25AomzM [info] request to updater
2017-02-19T06:08:30-0600 wBA25AomzM [info] currentStep()
2017-02-19T06:08:30-0600 wBA25AomzM [info] Step 6 is in state "end".
2017-02-19T06:08:30-0600 wBA25AomzM [info] POST request for step "7"
2017-02-19T06:08:30-0600 wBA25AomzM [info] startStep("7")
2017-02-19T06:08:30-0600 wBA25AomzM [info] replaceEntryPoints()
2017-02-19T06:08:30-0600 wBA25AomzM [info] replace index.php
2017-02-19T06:08:30-0600 wBA25AomzM [info] replace status.php
2017-02-19T06:08:30-0600 wBA25AomzM [info] replace remote.php
2017-02-19T06:08:30-0600 wBA25AomzM [info] replace public.php
2017-02-19T06:08:30-0600 wBA25AomzM [info] replace ocs/v1.php
2017-02-19T06:08:30-0600 wBA25AomzM [info] end of replaceEntryPoints()
2017-02-19T06:08:30-0600 wBA25AomzM [info] endStep("7")
2017-02-19T06:08:31-0600 M2Gm3ZFGHY [info] request to updater
2017-02-19T06:08:31-0600 M2Gm3ZFGHY [info] currentStep()
2017-02-19T06:08:31-0600 M2Gm3ZFGHY [info] Step 7 is in state "end".
2017-02-19T06:08:31-0600 M2Gm3ZFGHY [info] POST request for step "8"
2017-02-19T06:08:31-0600 M2Gm3ZFGHY [info] startStep("8")
2017-02-19T06:08:31-0600 M2Gm3ZFGHY [info] deleteOldFiles()
2017-02-19T06:08:31-0600 M2Gm3ZFGHY [info] config sample exists
2017-02-19T06:08:31-0600 M2Gm3ZFGHY [info] thmes README exists
2017-02-19T06:08:33-0600 M2Gm3ZFGHY [info] end of deleteOldFiles()
2017-02-19T06:08:33-0600 M2Gm3ZFGHY [info] endStep("8")
2017-02-19T06:08:33-0600 xcA9DrxRsr [info] request to updater
2017-02-19T06:08:33-0600 xcA9DrxRsr [info] currentStep()
2017-02-19T06:08:33-0600 xcA9DrxRsr [info] Step 8 is in state "end".
2017-02-19T06:08:33-0600 xcA9DrxRsr [info] POST request for step "9"
2017-02-19T06:08:34-0600 xcA9DrxRsr [info] startStep("9")
2017-02-19T06:08:34-0600 xcA9DrxRsr [info] moveNewVersionInPlace()
2017-02-19T06:08:34-0600 xcA9DrxRsr [info] storage location: /home4/nandvar/public_html/cloud/data/updater-ocbuvdlb4ccs/downloads/nextcloud/
2017-02-19T06:08:34-0600 xcA9DrxRsr [info] end of moveNewVersionInPlace()
2017-02-19T06:08:34-0600 xcA9DrxRsr [info] endStep("9")
2017-02-19T06:09:13-0600 TyhTOdqd0r [info] request to updater
2017-02-19T06:09:13-0600 TyhTOdqd0r [info] currentStep()
2017-02-19T06:09:13-0600 TyhTOdqd0r [info] Step 9 is in state "end".
2017-02-19T06:09:13-0600 TyhTOdqd0r [info] POST request for step "10"
2017-02-19T06:09:13-0600 TyhTOdqd0r [info] startStep("10")
2017-02-19T06:09:13-0600 TyhTOdqd0r [info] setMaintenanceMode("false")
2017-02-19T06:09:13-0600 TyhTOdqd0r [info] configFileName /home4/nandvar/public_html/cloud/updater/../config/config.php
2017-02-19T06:09:13-0600 TyhTOdqd0r [info] end of setMaintenanceMode()
2017-02-19T06:09:13-0600 TyhTOdqd0r [info] endStep("10")
2017-02-19T06:09:13-0600 ybElFtH1HU [info] request to updater
2017-02-19T06:09:13-0600 ybElFtH1HU [info] currentStep()
2017-02-19T06:09:13-0600 ybElFtH1HU [info] Step 10 is in state "end".
2017-02-19T06:09:13-0600 ybElFtH1HU [info] POST request for step "11"
2017-02-19T06:09:13-0600 ybElFtH1HU [info] startStep("11")
2017-02-19T06:09:13-0600 ybElFtH1HU [info] finalize()
2017-02-19T06:09:13-0600 ybElFtH1HU [info] storage location: /home4/nandvar/public_html/cloud/data/updater-ocbuvdlb4ccs/downloads/nextcloud/
2017-02-19T06:09:13-0600 ybElFtH1HU [info] end of finalize()
2017-02-19T06:09:13-0600 ybElFtH1HU [info] endStep("11")
